<?xml version="1.0" encoding="UTF-8"?>
<coverage generated="1694814267005" clover="3.2.0">
  <project timestamp="1694814267005" name="All files">
    <metrics statements="60" coveredstatements="26" conditionals="18" coveredconditionals="5" methods="10" coveredmethods="5" elements="88" coveredelements="36" complexity="0" loc="60" ncloc="60" packages="1" files="1" classes="1"/>
    <file name="app.js" path="C:\Users\damio\apiTest\src\app.js">
      <metrics statements="60" coveredstatements="26" conditionals="18" coveredconditionals="5" methods="10" coveredmethods="5"/>
      <line num="1" count="1" type="stmt"/>
      <line num="2" count="1" type="stmt"/>
      <line num="3" count="1" type="stmt"/>
      <line num="4" count="1" type="stmt"/>
      <line num="6" count="1" type="stmt"/>
      <line num="8" count="1" type="stmt"/>
      <line num="12" count="1" type="cond" truecount="2" falsecount="0"/>
      <line num="16" count="1" type="stmt"/>
      <line num="17" count="0" type="stmt"/>
      <line num="18" count="0" type="stmt"/>
      <line num="21" count="0" type="stmt"/>
      <line num="24" count="0" type="stmt"/>
      <line num="25" count="0" type="stmt"/>
      <line num="27" count="0" type="stmt"/>
      <line num="30" count="0" type="stmt"/>
      <line num="33" count="0" type="stmt"/>
      <line num="37" count="0" type="cond" truecount="0" falsecount="4"/>
      <line num="38" count="0" type="stmt"/>
      <line num="41" count="0" type="stmt"/>
      <line num="46" count="0" type="cond" truecount="0" falsecount="4"/>
      <line num="47" count="0" type="stmt"/>
      <line num="49" count="0" type="stmt"/>
      <line num="52" count="0" type="stmt"/>
      <line num="54" count="0" type="stmt"/>
      <line num="59" count="0" type="cond" truecount="0" falsecount="2"/>
      <line num="60" count="0" type="stmt"/>
      <line num="61" count="0" type="stmt"/>
      <line num="63" count="0" type="stmt"/>
      <line num="65" count="0" type="stmt"/>
      <line num="68" count="0" type="stmt"/>
      <line num="72" count="0" type="stmt"/>
      <line num="77" count="0" type="cond" truecount="0" falsecount="2"/>
      <line num="78" count="0" type="stmt"/>
      <line num="79" count="0" type="stmt"/>
      <line num="81" count="0" type="stmt"/>
      <line num="83" count="0" type="stmt"/>
      <line num="86" count="0" type="stmt"/>
      <line num="90" count="0" type="stmt"/>
      <line num="94" count="0" type="stmt"/>
      <line num="95" count="0" type="stmt"/>
      <line num="98" count="0" type="stmt"/>
      <line num="102" count="0" type="stmt"/>
      <line num="108" count="1" type="stmt"/>
      <line num="112" count="1" type="stmt"/>
      <line num="113" count="1" type="stmt"/>
      <line num="117" count="1" type="stmt"/>
      <line num="118" count="1" type="stmt"/>
      <line num="119" count="2" type="cond" truecount="2" falsecount="0"/>
      <line num="120" count="1" type="stmt"/>
      <line num="121" count="1" type="stmt"/>
      <line num="122" count="1" type="stmt"/>
      <line num="126" count="1" type="stmt"/>
      <line num="130" count="1" type="stmt"/>
      <line num="131" count="1" type="stmt"/>
      <line num="132" count="1" type="cond" truecount="1" falsecount="1"/>
      <line num="133" count="1" type="stmt"/>
      <line num="134" count="1" type="stmt"/>
      <line num="138" count="1" type="stmt"/>
      <line num="142" count="1" type="stmt"/>
      <line num="145" count="1" type="stmt"/>
    </file>
  </project>
</coverage>
