{"C:\\Users\\damio\\apiTest\\src\\app.js": {"path":"C:\\Users\\damio\\apiTest\\src\\app.js","statementMap":{"0":{"start":{"line":2,"column":13},"end":{"line":2,"column":28}},"1":{"start":{"line":3,"column":12},"end":{"line":3,"column":26}},"2":{"start":{"line":4,"column":13},"end":{"line":4,"column":17}},"3":{"start":{"line":5,"column":45},"end":{"line":5,"column":63}},"4":{"start":{"line":9,"column":15},"end":{"line":22,"column":2}},"5":{"start":{"line":14,"column":12},"end":{"line":14,"column":57}},"6":{"start":{"line":23,"column":13},"end":{"line":23,"column":15}},"7":{"start":{"line":24,"column":16},"end":{"line":29,"column":1}},"8":{"start":{"line":30,"column":0},"end":{"line":30,"column":19}},"9":{"start":{"line":31,"column":0},"end":{"line":31,"column":19}},"10":{"start":{"line":32,"column":15},"end":{"line":58,"column":2}},"11":{"start":{"line":36,"column":4},"end":{"line":56,"column":5}},"12":{"start":{"line":38,"column":8},"end":{"line":38,"column":17}},"13":{"start":{"line":40,"column":11},"end":{"line":56,"column":5}},"14":{"start":{"line":42,"column":8},"end":{"line":42,"column":23}},"15":{"start":{"line":45,"column":9},"end":{"line":56,"column":5}},"16":{"start":{"line":47,"column":8},"end":{"line":47,"column":22}},"17":{"start":{"line":50,"column":9},"end":{"line":56,"column":5}},"18":{"start":{"line":52,"column":8},"end":{"line":52,"column":29}},"19":{"start":{"line":54,"column":8},"end":{"line":54,"column":61}},"20":{"start":{"line":55,"column":8},"end":{"line":55,"column":29}},"21":{"start":{"line":60,"column":0},"end":{"line":62,"column":3}},"22":{"start":{"line":61,"column":4},"end":{"line":61,"column":67}},"23":{"start":{"line":65,"column":4},"end":{"line":65,"column":63}},"24":{"start":{"line":67,"column":4},"end":{"line":67,"column":34}},"25":{"start":{"line":68,"column":4},"end":{"line":68,"column":48}},"26":{"start":{"line":71,"column":15},"end":{"line":71,"column":17}},"27":{"start":{"line":72,"column":4},"end":{"line":74,"column":7}},"28":{"start":{"line":73,"column":8},"end":{"line":73,"column":22}},"29":{"start":{"line":75,"column":4},"end":{"line":83,"column":7}},"30":{"start":{"line":77,"column":21},"end":{"line":77,"column":37}},"31":{"start":{"line":78,"column":8},"end":{"line":78,"column":24}},"32":{"start":{"line":79,"column":8},"end":{"line":79,"column":52}},"33":{"start":{"line":80,"column":8},"end":{"line":80,"column":67}},"34":{"start":{"line":81,"column":8},"end":{"line":81,"column":73}},"35":{"start":{"line":86,"column":15},"end":{"line":86,"column":17}},"36":{"start":{"line":87,"column":4},"end":{"line":89,"column":7}},"37":{"start":{"line":88,"column":8},"end":{"line":88,"column":22}},"38":{"start":{"line":90,"column":4},"end":{"line":113,"column":7}},"39":{"start":{"line":91,"column":8},"end":{"line":112,"column":9}},"40":{"start":{"line":92,"column":25},"end":{"line":92,"column":41}},"41":{"start":{"line":93,"column":26},"end":{"line":93,"column":44}},"42":{"start":{"line":95,"column":12},"end":{"line":107,"column":13}},"43":{"start":{"line":97,"column":16},"end":{"line":97,"column":69}},"44":{"start":{"line":98,"column":16},"end":{"line":98,"column":42}},"45":{"start":{"line":99,"column":16},"end":{"line":99,"column":65}},"46":{"start":{"line":101,"column":36},"end":{"line":101,"column":51}},"47":{"start":{"line":102,"column":16},"end":{"line":102,"column":57}},"48":{"start":{"line":104,"column":16},"end":{"line":104,"column":75}},"49":{"start":{"line":105,"column":16},"end":{"line":105,"column":84}},"50":{"start":{"line":106,"column":16},"end":{"line":106,"column":68}},"51":{"start":{"line":109,"column":12},"end":{"line":109,"column":65}},"52":{"start":{"line":110,"column":12},"end":{"line":110,"column":44}},"53":{"start":{"line":111,"column":12},"end":{"line":111,"column":58}},"54":{"start":{"line":118,"column":15},"end":{"line":118,"column":17}},"55":{"start":{"line":119,"column":4},"end":{"line":121,"column":7}},"56":{"start":{"line":120,"column":8},"end":{"line":120,"column":22}},"57":{"start":{"line":122,"column":4},"end":{"line":145,"column":7}},"58":{"start":{"line":123,"column":8},"end":{"line":144,"column":9}},"59":{"start":{"line":124,"column":25},"end":{"line":124,"column":41}},"60":{"start":{"line":125,"column":26},"end":{"line":125,"column":44}},"61":{"start":{"line":127,"column":12},"end":{"line":139,"column":13}},"62":{"start":{"line":129,"column":16},"end":{"line":129,"column":69}},"63":{"start":{"line":130,"column":16},"end":{"line":130,"column":42}},"64":{"start":{"line":131,"column":16},"end":{"line":131,"column":64}},"65":{"start":{"line":134,"column":36},"end":{"line":134,"column":61}},"66":{"start":{"line":136,"column":16},"end":{"line":136,"column":75}},"67":{"start":{"line":137,"column":16},"end":{"line":137,"column":92}},"68":{"start":{"line":138,"column":16},"end":{"line":138,"column":70}},"69":{"start":{"line":141,"column":12},"end":{"line":141,"column":65}},"70":{"start":{"line":142,"column":12},"end":{"line":142,"column":44}},"71":{"start":{"line":143,"column":12},"end":{"line":143,"column":66}},"72":{"start":{"line":149,"column":0},"end":{"line":149,"column":24}}},"fnMap":{"0":{"name":"(anonymous_0)","decl":{"start":{"line":13,"column":22},"end":{"line":13,"column":23}},"loc":{"start":{"line":13,"column":57},"end":{"line":15,"column":9}},"line":13},"1":{"name":"(anonymous_1)","decl":{"start":{"line":32,"column":33},"end":{"line":32,"column":34}},"loc":{"start":{"line":32,"column":47},"end":{"line":58,"column":1}},"line":32},"2":{"name":"(anonymous_2)","decl":{"start":{"line":60,"column":20},"end":{"line":60,"column":21}},"loc":{"start":{"line":60,"column":26},"end":{"line":62,"column":1}},"line":60},"3":{"name":"get","decl":{"start":{"line":64,"column":9},"end":{"line":64,"column":12}},"loc":{"start":{"line":64,"column":18},"end":{"line":69,"column":1}},"line":64},"4":{"name":"post","decl":{"start":{"line":70,"column":9},"end":{"line":70,"column":13}},"loc":{"start":{"line":70,"column":24},"end":{"line":84,"column":1}},"line":70},"5":{"name":"(anonymous_5)","decl":{"start":{"line":72,"column":19},"end":{"line":72,"column":20}},"loc":{"start":{"line":72,"column":30},"end":{"line":74,"column":5}},"line":72},"6":{"name":"(anonymous_6)","decl":{"start":{"line":75,"column":18},"end":{"line":75,"column":19}},"loc":{"start":{"line":75,"column":24},"end":{"line":83,"column":5}},"line":75},"7":{"name":"put","decl":{"start":{"line":85,"column":9},"end":{"line":85,"column":12}},"loc":{"start":{"line":85,"column":23},"end":{"line":114,"column":1}},"line":85},"8":{"name":"(anonymous_8)","decl":{"start":{"line":87,"column":19},"end":{"line":87,"column":20}},"loc":{"start":{"line":87,"column":30},"end":{"line":89,"column":5}},"line":87},"9":{"name":"(anonymous_9)","decl":{"start":{"line":90,"column":18},"end":{"line":90,"column":19}},"loc":{"start":{"line":90,"column":24},"end":{"line":113,"column":5}},"line":90},"10":{"name":"deleteItem","decl":{"start":{"line":117,"column":9},"end":{"line":117,"column":19}},"loc":{"start":{"line":117,"column":30},"end":{"line":146,"column":1}},"line":117},"11":{"name":"(anonymous_11)","decl":{"start":{"line":119,"column":19},"end":{"line":119,"column":20}},"loc":{"start":{"line":119,"column":30},"end":{"line":121,"column":5}},"line":119},"12":{"name":"(anonymous_12)","decl":{"start":{"line":122,"column":18},"end":{"line":122,"column":19}},"loc":{"start":{"line":122,"column":24},"end":{"line":145,"column":5}},"line":122}},"branchMap":{"0":{"loc":{"start":{"line":36,"column":4},"end":{"line":56,"column":5}},"type":"if","locations":[{"start":{"line":36,"column":4},"end":{"line":56,"column":5}},{"start":{"line":40,"column":11},"end":{"line":56,"column":5}}],"line":36},"1":{"loc":{"start":{"line":36,"column":8},"end":{"line":36,"column":55}},"type":"binary-expr","locations":[{"start":{"line":36,"column":8},"end":{"line":36,"column":28}},{"start":{"line":36,"column":32},"end":{"line":36,"column":55}}],"line":36},"2":{"loc":{"start":{"line":40,"column":11},"end":{"line":56,"column":5}},"type":"if","locations":[{"start":{"line":40,"column":11},"end":{"line":56,"column":5}},{"start":{"line":45,"column":9},"end":{"line":56,"column":5}}],"line":40},"3":{"loc":{"start":{"line":40,"column":15},"end":{"line":40,"column":62}},"type":"binary-expr","locations":[{"start":{"line":40,"column":15},"end":{"line":40,"column":36}},{"start":{"line":40,"column":40},"end":{"line":40,"column":62}}],"line":40},"4":{"loc":{"start":{"line":45,"column":9},"end":{"line":56,"column":5}},"type":"if","locations":[{"start":{"line":45,"column":9},"end":{"line":56,"column":5}},{"start":{"line":50,"column":9},"end":{"line":56,"column":5}}],"line":45},"5":{"loc":{"start":{"line":45,"column":13},"end":{"line":45,"column":60}},"type":"binary-expr","locations":[{"start":{"line":45,"column":13},"end":{"line":45,"column":33}},{"start":{"line":45,"column":37},"end":{"line":45,"column":60}}],"line":45},"6":{"loc":{"start":{"line":50,"column":9},"end":{"line":56,"column":5}},"type":"if","locations":[{"start":{"line":50,"column":9},"end":{"line":56,"column":5}},{"start":{"line":53,"column":11},"end":{"line":56,"column":5}}],"line":50},"7":{"loc":{"start":{"line":50,"column":13},"end":{"line":50,"column":65}},"type":"binary-expr","locations":[{"start":{"line":50,"column":13},"end":{"line":50,"column":36}},{"start":{"line":50,"column":40},"end":{"line":50,"column":65}}],"line":50},"8":{"loc":{"start":{"line":95,"column":12},"end":{"line":107,"column":13}},"type":"if","locations":[{"start":{"line":95,"column":12},"end":{"line":107,"column":13}},{"start":{"line":100,"column":19},"end":{"line":107,"column":13}}],"line":95},"9":{"loc":{"start":{"line":95,"column":16},"end":{"line":95,"column":64}},"type":"binary-expr","locations":[{"start":{"line":95,"column":16},"end":{"line":95,"column":28}},{"start":{"line":95,"column":32},"end":{"line":95,"column":41}},{"start":{"line":95,"column":45},"end":{"line":95,"column":64}}],"line":95},"10":{"loc":{"start":{"line":127,"column":12},"end":{"line":139,"column":13}},"type":"if","locations":[{"start":{"line":127,"column":12},"end":{"line":139,"column":13}},{"start":{"line":132,"column":19},"end":{"line":139,"column":13}}],"line":127},"11":{"loc":{"start":{"line":127,"column":16},"end":{"line":127,"column":64}},"type":"binary-expr","locations":[{"start":{"line":127,"column":16},"end":{"line":127,"column":28}},{"start":{"line":127,"column":32},"end":{"line":127,"column":41}},{"start":{"line":127,"column":45},"end":{"line":127,"column":64}}],"line":127}},"s":{"0":0,"1":0,"2":0,"3":0,"4":0,"5":0,"6":0,"7":0,"8":0,"9":0,"10":0,"11":0,"12":0,"13":0,"14":0,"15":0,"16":0,"17":0,"18":0,"19":0,"20":0,"21":0,"22":0,"23":0,"24":0,"25":0,"26":0,"27":0,"28":0,"29":0,"30":0,"31":0,"32":0,"33":0,"34":0,"35":0,"36":0,"37":0,"38":0,"39":0,"40":0,"41":0,"42":0,"43":0,"44":0,"45":0,"46":0,"47":0,"48":0,"49":0,"50":0,"51":0,"52":0,"53":0,"54":0,"55":0,"56":0,"57":0,"58":0,"59":0,"60":0,"61":0,"62":0,"63":0,"64":0,"65":0,"66":0,"67":0,"68":0,"69":0,"70":0,"71":0,"72":0},"f":{"0":0,"1":0,"2":0,"3":0,"4":0,"5":0,"6":0,"7":0,"8":0,"9":0,"10":0,"11":0,"12":0},"b":{"0":[0,0],"1":[0,0],"2":[0,0],"3":[0,0],"4":[0,0],"5":[0,0],"6":[0,0],"7":[0,0],"8":[0,0],"9":[0,0,0],"10":[0,0],"11":[0,0,0]}}
}
