{"C:\\Users\\damio\\apiTest\\src\\app.js": {"path":"C:\\Users\\damio\\apiTest\\src\\app.js","statementMap":{"0":{"start":{"line":1,"column":13},"end":{"line":1,"column":28}},"1":{"start":{"line":2,"column":16},"end":{"line":2,"column":34}},"2":{"start":{"line":3,"column":12},"end":{"line":3,"column":26}},"3":{"start":{"line":4,"column":20},"end":{"line":4,"column":42}},"4":{"start":{"line":6,"column":21},"end":{"line":6,"column":23}},"5":{"start":{"line":8,"column":15},"end":{"line":10,"column":2}},"6":{"start":{"line":12,"column":13},"end":{"line":12,"column":37}},"7":{"start":{"line":16,"column":0},"end":{"line":105,"column":7}},"8":{"start":{"line":17,"column":4},"end":{"line":99,"column":5}},"9":{"start":{"line":18,"column":36},"end":{"line":18,"column":43}},"10":{"start":{"line":21,"column":8},"end":{"line":21,"column":73}},"11":{"start":{"line":24,"column":19},"end":{"line":24,"column":21}},"12":{"start":{"line":25,"column":8},"end":{"line":92,"column":15}},"13":{"start":{"line":27,"column":16},"end":{"line":27,"column":45}},"14":{"start":{"line":30,"column":16},"end":{"line":30,"column":33}},"15":{"start":{"line":33,"column":16},"end":{"line":33,"column":54}},"16":{"start":{"line":37,"column":16},"end":{"line":42,"column":17}},"17":{"start":{"line":38,"column":20},"end":{"line":40,"column":23}},"18":{"start":{"line":41,"column":20},"end":{"line":41,"column":56}},"19":{"start":{"line":46,"column":16},"end":{"line":55,"column":17}},"20":{"start":{"line":47,"column":31},"end":{"line":47,"column":47}},"21":{"start":{"line":49,"column":20},"end":{"line":51,"column":23}},"22":{"start":{"line":52,"column":20},"end":{"line":52,"column":61}},"23":{"start":{"line":54,"column":20},"end":{"line":54,"column":59}},"24":{"start":{"line":59,"column":16},"end":{"line":73,"column":17}},"25":{"start":{"line":60,"column":35},"end":{"line":60,"column":57}},"26":{"start":{"line":61,"column":34},"end":{"line":61,"column":65}},"27":{"start":{"line":63,"column":38},"end":{"line":63,"column":53}},"28":{"start":{"line":65,"column":20},"end":{"line":67,"column":23}},"29":{"start":{"line":68,"column":20},"end":{"line":70,"column":22}},"30":{"start":{"line":72,"column":20},"end":{"line":72,"column":62}},"31":{"start":{"line":77,"column":16},"end":{"line":91,"column":17}},"32":{"start":{"line":78,"column":35},"end":{"line":78,"column":57}},"33":{"start":{"line":79,"column":34},"end":{"line":79,"column":65}},"34":{"start":{"line":81,"column":38},"end":{"line":81,"column":61}},"35":{"start":{"line":83,"column":20},"end":{"line":85,"column":23}},"36":{"start":{"line":86,"column":20},"end":{"line":88,"column":22}},"37":{"start":{"line":90,"column":20},"end":{"line":90,"column":62}},"38":{"start":{"line":94,"column":8},"end":{"line":94,"column":36}},"39":{"start":{"line":95,"column":8},"end":{"line":97,"column":11}},"40":{"start":{"line":98,"column":8},"end":{"line":98,"column":65}},"41":{"start":{"line":102,"column":8},"end":{"line":104,"column":10}},"42":{"start":{"line":108,"column":4},"end":{"line":108,"column":24}},"43":{"start":{"line":112,"column":4},"end":{"line":112,"column":28}},"44":{"start":{"line":113,"column":4},"end":{"line":113,"column":66}},"45":{"start":{"line":117,"column":15},"end":{"line":117,"column":19}},"46":{"start":{"line":118,"column":4},"end":{"line":124,"column":5}},"47":{"start":{"line":118,"column":17},"end":{"line":118,"column":18}},"48":{"start":{"line":119,"column":8},"end":{"line":123,"column":9}},"49":{"start":{"line":120,"column":12},"end":{"line":120,"column":35}},"50":{"start":{"line":121,"column":12},"end":{"line":121,"column":34}},"51":{"start":{"line":122,"column":12},"end":{"line":122,"column":44}},"52":{"start":{"line":126,"column":4},"end":{"line":126,"column":16}},"53":{"start":{"line":130,"column":15},"end":{"line":130,"column":19}},"54":{"start":{"line":131,"column":4},"end":{"line":136,"column":5}},"55":{"start":{"line":131,"column":17},"end":{"line":131,"column":18}},"56":{"start":{"line":132,"column":8},"end":{"line":135,"column":9}},"57":{"start":{"line":133,"column":12},"end":{"line":133,"column":35}},"58":{"start":{"line":134,"column":12},"end":{"line":134,"column":38}},"59":{"start":{"line":138,"column":4},"end":{"line":138,"column":16}},"60":{"start":{"line":142,"column":4},"end":{"line":142,"column":19}},"61":{"start":{"line":145,"column":0},"end":{"line":152,"column":2}}},"fnMap":{"0":{"name":"(anonymous_0)","decl":{"start":{"line":16,"column":27},"end":{"line":16,"column":28}},"loc":{"start":{"line":16,"column":50},"end":{"line":100,"column":1}},"line":16},"1":{"name":"(anonymous_1)","decl":{"start":{"line":26,"column":25},"end":{"line":26,"column":26}},"loc":{"start":{"line":26,"column":34},"end":{"line":28,"column":13}},"line":26},"2":{"name":"(anonymous_2)","decl":{"start":{"line":29,"column":24},"end":{"line":29,"column":25}},"loc":{"start":{"line":29,"column":35},"end":{"line":31,"column":13}},"line":29},"3":{"name":"(anonymous_3)","decl":{"start":{"line":32,"column":23},"end":{"line":32,"column":24}},"loc":{"start":{"line":32,"column":29},"end":{"line":92,"column":13}},"line":32},"4":{"name":"(anonymous_4)","decl":{"start":{"line":101,"column":18},"end":{"line":101,"column":19}},"loc":{"start":{"line":101,"column":24},"end":{"line":105,"column":5}},"line":101},"5":{"name":"get","decl":{"start":{"line":107,"column":9},"end":{"line":107,"column":12}},"loc":{"start":{"line":107,"column":15},"end":{"line":109,"column":1}},"line":107},"6":{"name":"post","decl":{"start":{"line":111,"column":9},"end":{"line":111,"column":13}},"loc":{"start":{"line":111,"column":20},"end":{"line":114,"column":1}},"line":111},"7":{"name":"put","decl":{"start":{"line":116,"column":9},"end":{"line":116,"column":12}},"loc":{"start":{"line":116,"column":19},"end":{"line":127,"column":1}},"line":116},"8":{"name":"deleteItems","decl":{"start":{"line":129,"column":9},"end":{"line":129,"column":20}},"loc":{"start":{"line":129,"column":27},"end":{"line":139,"column":1}},"line":129},"9":{"name":"closeServer","decl":{"start":{"line":141,"column":9},"end":{"line":141,"column":20}},"loc":{"start":{"line":141,"column":23},"end":{"line":143,"column":1}},"line":141}},"branchMap":{"0":{"loc":{"start":{"line":12,"column":13},"end":{"line":12,"column":37}},"type":"binary-expr","locations":[{"start":{"line":12,"column":13},"end":{"line":12,"column":29}},{"start":{"line":12,"column":33},"end":{"line":12,"column":37}}],"line":12},"1":{"loc":{"start":{"line":37,"column":16},"end":{"line":42,"column":17}},"type":"if","locations":[{"start":{"line":37,"column":16},"end":{"line":42,"column":17}},{"start":{},"end":{}}],"line":37},"2":{"loc":{"start":{"line":37,"column":20},"end":{"line":37,"column":72}},"type":"binary-expr","locations":[{"start":{"line":37,"column":20},"end":{"line":37,"column":36}},{"start":{"line":37,"column":40},"end":{"line":37,"column":72}}],"line":37},"3":{"loc":{"start":{"line":46,"column":16},"end":{"line":55,"column":17}},"type":"if","locations":[{"start":{"line":46,"column":16},"end":{"line":55,"column":17}},{"start":{},"end":{}}],"line":46},"4":{"loc":{"start":{"line":46,"column":20},"end":{"line":46,"column":73}},"type":"binary-expr","locations":[{"start":{"line":46,"column":20},"end":{"line":46,"column":37}},{"start":{"line":46,"column":41},"end":{"line":46,"column":73}}],"line":46},"5":{"loc":{"start":{"line":59,"column":16},"end":{"line":73,"column":17}},"type":"if","locations":[{"start":{"line":59,"column":16},"end":{"line":73,"column":17}},{"start":{},"end":{}}],"line":59},"6":{"loc":{"start":{"line":77,"column":16},"end":{"line":91,"column":17}},"type":"if","locations":[{"start":{"line":77,"column":16},"end":{"line":91,"column":17}},{"start":{},"end":{}}],"line":77},"7":{"loc":{"start":{"line":119,"column":8},"end":{"line":123,"column":9}},"type":"if","locations":[{"start":{"line":119,"column":8},"end":{"line":123,"column":9}},{"start":{},"end":{}}],"line":119},"8":{"loc":{"start":{"line":132,"column":8},"end":{"line":135,"column":9}},"type":"if","locations":[{"start":{"line":132,"column":8},"end":{"line":135,"column":9}},{"start":{},"end":{}}],"line":132}},"s":{"0":1,"1":1,"2":1,"3":1,"4":1,"5":1,"6":1,"7":1,"8":0,"9":0,"10":0,"11":0,"12":0,"13":0,"14":0,"15":0,"16":0,"17":0,"18":0,"19":0,"20":0,"21":0,"22":0,"23":0,"24":0,"25":0,"26":0,"27":0,"28":0,"29":0,"30":0,"31":0,"32":0,"33":0,"34":0,"35":0,"36":0,"37":0,"38":0,"39":0,"40":0,"41":0,"42":1,"43":1,"44":1,"45":1,"46":1,"47":1,"48":2,"49":1,"50":1,"51":1,"52":1,"53":1,"54":1,"55":1,"56":1,"57":1,"58":1,"59":1,"60":1,"61":1},"f":{"0":0,"1":0,"2":0,"3":0,"4":0,"5":1,"6":1,"7":1,"8":1,"9":1},"b":{"0":[1,1],"1":[0,0],"2":[0,0],"3":[0,0],"4":[0,0],"5":[0,0],"6":[0,0],"7":[1,1],"8":[1,0]},"_coverageSchema":"1a1c01bbd47fc00a2c39e90264f33305004495a9","hash":"747e7b6974454d791f28ba46d1c939138381716a"}
}
